app/build/outputs/mapping/release/seeds.txt
com.bibsindia.bibstraderpanel.model.catalogue.Data: int getManufacturerId()
com.bibsindia.bibstraderpanel.model.list.Data: java.lang.String name
com.bibsindia.bibstraderpanel.model.list.List: java.lang.Boolean success
com.bibsindia.bibstraderpanel.model.order.Data: java.lang.String getProductName()
com.bibsindia.bibstraderpanel.model.dashboard.UrlCount: java.lang.Integer openUrlCount
com.bibsindia.bibstraderpanel.model.catalogue.Data: java.lang.String getUnitType()
com.bibsindia.bibstraderpanel.model.state.list.State: java.util.ArrayList getData()
com.bibsindia.bibstraderpanel.model.dashboard.UrlCount: java.lang.String catalogueName
com.bibsindia.bibstraderpanel.model.manufacterer.Manufacturer: java.lang.Boolean getSuccess()
com.bibsindia.bibstraderpanel.model.order.Data: java.lang.String getSize()
com.bibsindia.bibstraderpanel.model.catalogue.Data: java.lang.String catalogueThumbImage
com.bibsindia.bibstraderpanel.model.order.Data: java.lang.String getManufacturer_name()
com.bibsindia.bibstraderpanel.model.order.Data: void setSubfabricId(java.lang.Integer)
com.bibsindia.bibstraderpanel.model.catalogue.Data: void setShadeType(java.lang.String)
com.bibsindia.bibstraderpanel.model.order.Data: java.lang.String productImage
com.bibsindia.bibstraderpanel.model.manufacterer.Manufacturer: java.lang.Boolean success
com.bibsindia.bibstraderpanel.model.placeOrder.PlaceOrder: java.util.List shade
com.bibsindia.bibstraderpanel.model.orderDetails.ShadeDetail: java.lang.String getShadeImage()
com.bibsindia.bibstraderpanel.model.orderDetails.ShadeDetail: java.lang.String shadeGroupColor
com.bibsindia.bibstraderpanel.model.catalogue.Data: java.lang.Integer productId
com.bibsindia.bibstraderpanel.model.order.Data: java.lang.Integer fabricId
com.bibsindia.bibstraderpanel.model.orderDetails.Data: java.lang.String catalogueImage
com.bibsindia.bibstraderpanel.model.orderDetails.ShadeDetail: java.lang.Integer shadeQuantity
com.bibsindia.bibstraderpanel.model.order.Data: Data()
com.bibsindia.bibstraderpanel.model.orderDetails.Data: void setFabricId(java.lang.Integer)
com.bibsindia.bibstraderpanel.model.orderDetails.ShadeDetail: java.lang.String getShadeName()
com.bibsindia.bibstraderpanel.model.dashboard.UrlCount: java.lang.Integer getCatalogueId()
com.bibsindia.bibstraderpanel.model.catalogue.Data: java.lang.String productImage
com.bibsindia.bibstraderpanel.model.profile.Profile: java.lang.Boolean success
com.bibsindia.bibstraderpanel.model.order.Data: void setCatalogueThumbImage(java.lang.String)
com.bibsindia.bibstraderpanel.utils.SquareImageView: SquareImageView(android.content.Context,android.util.AttributeSet)
com.bibsindia.bibstraderpanel.model.catalogue.Data: java.lang.String bulkQty
com.bibsindia.bibstraderpanel.model.orderDetails.ShadeDetail: java.lang.Integer shadeId
com.bibsindia.bibstraderpanel.model.catalogue.Data: void setManufacturerName(java.lang.String)
com.bibsindia.bibstraderpanel.model.orderDetails.Data: java.lang.String catalogueThumbImage
com.bibsindia.bibstraderpanel.model.order.Data: void setSubfabricImage(java.lang.String)
com.bibsindia.bibstraderpanel.model.order.Data: void setProductImage(java.lang.String)
com.bibsindia.bibstraderpanel.activity.UpdateProfileActivity: void clickBack(android.view.View)
com.bibsindia.bibstraderpanel.model.catalogue.Data: void setManufacturerId(int)
com.bibsindia.bibstraderpanel.model.order.Data: int manufacturer_id
com.bibsindia.bibstraderpanel.model.state.list.State: java.lang.Boolean success
com.bibsindia.bibstraderpanel.model.catalogue.Data: java.lang.String getManufacturerName()
com.bibsindia.bibstraderpanel.model.orderDetails.Data: void setCatalogueImage(java.lang.String)
com.bibsindia.bibstraderpanel.model.order.Data: java.lang.String productName
com.bibsindia.bibstraderpanel.model.dashboard.UrlCount: UrlCount()
com.bibsindia.bibstraderpanel.model.ErrorModel: void setMessage(java.lang.String)
com.bibsindia.bibstraderpanel.model.manufacterer.Data: Data()
...
com.afollestad.materialdialogs.WhichButton: com.afollestad.materialdialogs.WhichButton POSITIVE
androidx.recyclerview.R$attr: int spanCount
androidx.constraintlayout.utils.widget.ImageFilterButton: float getWarmth()
com.google.android.material.R$styleable: int MaterialButton_iconGravity
androidx.constraintlayout.widget.R$styleable: int GradientColor_android_centerY
androidx.constraintlayout.widget.R$styleable: int View_paddingEnd
com.airbnb.lottie.R$attr: int navigationMode
com.kaopiz.kprogresshud.SpinView: SpinView(android.content.Context,android.util.AttributeSet)
com.google.android.material.R$styleable: int[] TextInputLayout
com.airbnb.lottie.R$styleable: int AppCompatTheme_viewInflaterClass
androidx.appcompat.R$style: int Widget_AppCompat_PopupMenu
com.google.gson.internal.bind.TypeAdapters$30: TypeAdapters$30()
com.google.android.material.R$attr: int behavior_autoShrink
com.google.android.material.floatingactionbutton.FloatingActionButton: void setExpandedComponentIdHint(int)
androidx.work.ExistingWorkPolicy: ExistingWorkPolicy(java.lang.String,int)
kotlin.TypeCastException: TypeCastException()
com.airbnb.lottie.R$styleable: int ActionBar_icon
com.google.android.material.R$id: int decor_content_parent
androidx.appcompat.R$style: int Widget_AppCompat_ListMenuView
androidx.constraintlayout.utils.widget.ImageFilterButton: void setRoundPercent(float)
com.google.firebase.components.MissingDependencyException
com.afollestad.materialdialogs.R$attr: int md_color_button_text
androidx.appcompat.widget.ActionBarContainer: void setTabContainer(androidx.appcompat.widget.ScrollingTabContainerView)
androidx.appcompat.R$id: int list_item
androidx.constraintlayout.widget.R$styleable: int AppCompatTheme_android_windowAnimationStyle
com.google.android.material.R$style: int TextAppearance_Design_Counter_Overflow
androidx.appcompat.R$dimen: int abc_list_item_height_material
androidx.appcompat.R$style: int RtlOverlay_Widget_AppCompat_PopupMenuItem_Shortcut
com.google.android.gms.internal.measurement.zzck$zzd$zza: java.lang.String toString()
androidx.constraintlayout.widget.R$styleable: int ConstraintSet_layout_constraintBottom_toTopOf
com.google.android.material.R$styleable: int BottomSheetBehavior_Layout_android_elevation
com.google.android.gms.measurement.internal.AppMeasurementDynamiteService: void getAppInstanceId(com.google.android.gms.internal.measurement.zzw)
androidx.drawerlayout.widget.DrawerLayout: android.graphics.drawable.Drawable getStatusBarBackgroundDrawable()
com.google.android.material.slider.BaseSlider: int getActiveThumbIndex()
com.google.android.material.R$style: int RtlOverlay_Widget_AppCompat_PopupMenuItem_InternalGroup
androidx.coordinatorlayout.widget.CoordinatorLayout$Behavior: CoordinatorLayout$Behavior()
com.google.android.material.chip.ChipGroup: void setDividerDrawableVertical(android.graphics.drawable.Drawable)
androidx.appcompat.R$attr: int closeIcon
com.google.android.material.R$styleable: int Chip_chipIconEnabled
com.afollestad.materialdialogs.R$id: int md_checkbox_prompt
com.google.android.material.R$attr: int boxCornerRadiusBottomEnd
com.google.android.material.R$string: int mtrl_picker_date_header_unselected
com.preference.R$style: int Widget_AppCompat_CompoundButton_RadioButton
androidx.appcompat.R$style: int Theme_AppCompat_CompactMenu
com.airbnb.lottie.R$attr: int expandActivityOverflowButtonDrawable
com.airbnb.lottie.R$styleable: int ActionBar_hideOnContentScroll
androidx.appcompat.R$layout: int abc_popup_menu_item_layout
com.airbnb.lottie.R$styleable: int AppCompatTheme_textAppearanceSearchResultTitle
com.google.android.material.R$style: int Widget_AppCompat_Button_Colored
com.google.android.material.textfield.TextInputLayout: android.widget.TextView getPrefixTextView()
com.google.android.material.R$styleable: int ShapeAppearance_cornerFamily
com.google.android.material.R$attr: int colorOnPrimary
com.airbnb.lottie.R$styleable: int AppCompatTheme_seekBarStyle