app/build/outputs/mapping/release/usage.txt
com.bibsindia.bibstraderpanel.utils.NetworkUtils:
    public void <init>()
com.bibsindia.bibstraderpanel.databinding.ItemShadesSelectionShareBinding
com.bibsindia.bibstraderpanel.databinding.DialogOrderFilterBinding:
    public synthetic bridge android.view.View getRoot()
com.bibsindia.bibstraderpanel.R$anim
com.bibsindia.bibstraderpanel.databinding.DialogShadeImgBinding:
    public synthetic bridge android.view.View getRoot()
com.bibsindia.bibstraderpanel.adapter.OrderAdapter:
    private void remove(com.bibsindia.bibstraderpanel.model.order.Data)
    public void add(com.bibsindia.bibstraderpanel.model.order.Data,int)
    public void update(com.bibsindia.bibstraderpanel.model.order.Data,int)
    public boolean isEmpty()
    public void clear()
com.bibsindia.bibstraderpanel.databinding.DialogCatalogueFilterBinding:
    public synthetic bridge android.view.View getRoot()
com.bibsindia.bibstraderpanel.api.Client:
    private static final java.lang.String BASE_URL
com.bibsindia.bibstraderpanel.databinding.ActivityUpdateProfileBinding:
    public synthetic bridge android.view.View getRoot()
com.bibsindia.bibstraderpanel.databinding.ActivityHomeScreenBinding:
    public synthetic bridge android.view.View getRoot()
com.bibsindia.bibstraderpanel.TraderPanel:
    public static final java.lang.String SECRET_KEY
    public static final java.lang.String IS_LOGIN
    public static final java.lang.String TOKEN
    public static final java.lang.String ID
    public static final java.lang.String NAME
    public static final java.lang.String MOBILE
    public static final java.lang.String PASSWORD
    public static final java.lang.String FCM_TOKEN
    private static final java.lang.String CHANNEL_ID
com.bibsindia.bibstraderpanel.databinding.ItemListBinding
com.bibsindia.bibstraderpanel.DataBinderMapperImpl
com.bibsindia.bibstraderpanel.R$mipmap
com.bibsindia.bibstraderpanel.R$integer
com.bibsindia.bibstraderpanel.databinding.ActivityCatalogueDetailsBinding:
    public synthetic bridge android.view.View getRoot()
com.bibsindia.bibstraderpanel.databinding.DialogWhatsappBinding:
    public synthetic bridge android.view.View getRoot()
com.bibsindia.bibstraderpanel.databinding.ActivityLoginBinding:
    public synthetic bridge android.view.View getRoot()
com.bibsindia.bibstraderpanel.R$id
com.bibsindia.bibstraderpanel.databinding.ItemHistoryBinding
com.bibsindia.bibstraderpanel.R$interpolator
com.bibsindia.bibstraderpanel.utils.Utils:
    public void <init>()
    public static final java.lang.String WHATSAPP
    public static final java.lang.String WHATSAPP_BUS
    public static final java.lang.String TELEGRAM
    public static final java.lang.String MESSENGER
    public static final java.lang.String COPY
com.bibsindia.bibstraderpanel.databinding.ItemCatalogueBinding
com.bibsindia.bibstraderpanel.R$font
com.bibsindia.bibstraderpanel.R
com.bibsindia.bibstraderpanel.R$dimen
com.bibsindia.bibstraderpanel.databinding.ContentMainBinding
com.bibsindia.bibstraderpanel.R$menu
com.bibsindia.bibstraderpanel.adapter.CataloguesAdapter:
    private void remove(com.bibsindia.bibstraderpanel.model.catalogue.Data)
    public void add(com.bibsindia.bibstraderpanel.model.catalogue.Data,int)
    public void update(com.bibsindia.bibstraderpanel.model.catalogue.Data,int)
    public boolean isEmpty()
    public void clear()
com.bibsindia.bibstraderpanel.databinding.NavigationHeaderBinding
com.bibsindia.bibstraderpanel.R$xml
com.bibsindia.bibstraderpanel.R$string
com.bibsindia.bibstraderpanel.databinding.DialogOrderSuccessBinding:
    public synthetic bridge android.view.View getRoot()
com.bibsindia.bibstraderpanel.R$layout
com.bibsindia.bibstraderpanel.databinding.FragmentOrderHistoryBinding:
    public static com.bibsindia.bibstraderpanel.databinding.FragmentOrderHistoryBinding inflate(android.view.LayoutInflater)
    public synthetic bridge android.view.View getRoot()
com.bibsindia.bibstraderpanel.DataBindingInfo
...
kotlin.time.Duration$Companion
com.google.android.material.transition.platform.MaterialContainerTransform$FadeMode
com.afollestad.materialdialogs.R$layout
com.google.gson.JsonArray:
    public void <init>(int)
    public com.google.gson.JsonArray deepCopy()
    public void add(java.lang.Boolean)
    public void add(java.lang.Character)
    public void add(java.lang.Number)
    public void add(java.lang.String)
    public void addAll(com.google.gson.JsonArray)
    public com.google.gson.JsonElement set(int,com.google.gson.JsonElement)
    public boolean remove(com.google.gson.JsonElement)
    public com.google.gson.JsonElement remove(int)
    public boolean contains(com.google.gson.JsonElement)
    public int size()
    public com.google.gson.JsonElement get(int)
    public java.lang.Number getAsNumber()
    public java.lang.String getAsString()
    public double getAsDouble()
    public java.math.BigDecimal getAsBigDecimal()
    public java.math.BigInteger getAsBigInteger()
    public float getAsFloat()
    public long getAsLong()
    public int getAsInt()
    public byte getAsByte()
    public char getAsCharacter()
    public short getAsShort()
    public boolean getAsBoolean()
    public synthetic bridge com.google.gson.JsonElement deepCopy()
org.intellij.lang.annotations.JdkConstants$TreeSelectionMode
kotlin.coroutines.experimental.intrinsics.IntrinsicsKt__IntrinsicsJvmKt$buildContinuationByInvokeCall$continuation$1
kotlin.PreconditionsKt
androidx.slidingpanelayout.R$layout
androidx.databinding.library.baseAdapters.R$style
androidx.work.impl.utils.StatusRunnable$5
com.google.android.material.transition.MaterialVisibility
kotlin.coroutines.CombinedContext
kotlin._Assertions
androidx.appcompat.widget.ScrollingTabContainerView:
    public void <init>(android.content.Context)
    private androidx.appcompat.widget.LinearLayoutCompat createTabLayout()
    public void animateToVisibility(int)
    public void addTab(androidx.appcompat.app.ActionBar$Tab,boolean)
    public void addTab(androidx.appcompat.app.ActionBar$Tab,int,boolean)
    public void updateTab(int)
    public void removeTabAt(int)
    public void removeAllTabs()
    protected android.view.ViewPropertyAnimator mVisibilityAnim
    protected final androidx.appcompat.widget.ScrollingTabContainerView$VisibilityAnimListener mVisAnimListener
    private static final java.lang.String TAG
    private static final int FADE_DURATION
com.google.android.gms.common.internal.ImagesContract
androidx.constraintlayout.motion.widget.MotionLayout$MyTracker:
    public void clear()
    public void computeCurrentVelocity(int,float)
    public float getXVelocity(int)
    public float getYVelocity(int)
com.afollestad.materialdialogs.message.DialogMessageSettings
androidx.core.app.NotificationCompat$1
com.google.firebase.datatransport.R$attr
androidx.asynclayoutinflater.R$id
com.google.android.gms.dynamic.zad
com.google.android.gms.common.data.zab:
    public final com.google.android.gms.common.data.DataHolder$Builder zaa(java.util.HashMap)
    public final com.google.android.gms.common.data.DataHolder$Builder withRow(android.content.ContentValues)
com.google.android.material.appbar.AppBarLayout$Behavior$DragCallback
com.bumptech.glide.util.ByteBufferUtil:
    private void <init>()
    public static void toStream(java.nio.ByteBuffer,java.io.OutputStream)
    private static final int BUFFER_SIZE
okhttp3.MultipartBody$Builder:
    public okhttp3.MultipartBody$Builder addPart(okhttp3.RequestBody)
    public okhttp3.MultipartBody$Builder addFormDataPart(java.lang.String,java.lang.String)
    public okhttp3.MultipartBody$Builder addFormDataPart(java.lang.String,java.lang.String,okhttp3.RequestBody)
androidx.annotation.XmlRes
androidx.lifecycle.ViewModelStore:
    java.util.Set keys()
androidx.appcompat.R